[0.593s] Invoking command in '/home/yoohyeongsong/Workspace/ros_ws/src/urdf_tutorial': PYTHONPATH=/home/yoohyeongsong/Workspace/ros_ws/build/urdf_tutorial/prefix_override:/usr/lib/python3/dist-packages/colcon_core/task/python/colcon_distutils_commands:/home/yoohyeongsong/Workspace/ros_ws/install/urdf_tutorial/lib/python3.8/site-packages:${PYTHONPATH} /usr/bin/python3 -W ignore:setup.py install is deprecated -W ignore:easy_install command is deprecated setup.py egg_info --egg-base ../../build/urdf_tutorial build --build-base /home/yoohyeongsong/Workspace/ros_ws/build/urdf_tutorial/build install --record /home/yoohyeongsong/Workspace/ros_ws/build/urdf_tutorial/install.log --install-scripts $base/lib/urdf_tutorial --single-version-externally-managed install_data
[0.802s] running egg_info
[0.802s] writing ../../build/urdf_tutorial/urdf_tutorial.egg-info/PKG-INFO
[0.803s] writing dependency_links to ../../build/urdf_tutorial/urdf_tutorial.egg-info/dependency_links.txt
[0.803s] writing entry points to ../../build/urdf_tutorial/urdf_tutorial.egg-info/entry_points.txt
[0.803s] writing requirements to ../../build/urdf_tutorial/urdf_tutorial.egg-info/requires.txt
[0.803s] writing top-level names to ../../build/urdf_tutorial/urdf_tutorial.egg-info/top_level.txt
[0.830s] reading manifest file '../../build/urdf_tutorial/urdf_tutorial.egg-info/SOURCES.txt'
[0.831s] writing manifest file '../../build/urdf_tutorial/urdf_tutorial.egg-info/SOURCES.txt'
[0.831s] running build
[0.831s] running build_py
[0.832s] running install
[0.832s] running install_lib
[0.833s] running install_data
[0.834s] running install_egg_info
[0.835s] removing '/home/yoohyeongsong/Workspace/ros_ws/install/urdf_tutorial/lib/python3.8/site-packages/urdf_tutorial-0.0.0-py3.8.egg-info' (and everything under it)
[0.836s] Copying ../../build/urdf_tutorial/urdf_tutorial.egg-info to /home/yoohyeongsong/Workspace/ros_ws/install/urdf_tutorial/lib/python3.8/site-packages/urdf_tutorial-0.0.0-py3.8.egg-info
[0.836s] running install_scripts
[0.850s] Installing robot_follower script to /home/yoohyeongsong/Workspace/ros_ws/install/urdf_tutorial/lib/urdf_tutorial
[0.850s] Installing send_goal script to /home/yoohyeongsong/Workspace/ros_ws/install/urdf_tutorial/lib/urdf_tutorial
[0.850s] writing list of installed files to '/home/yoohyeongsong/Workspace/ros_ws/build/urdf_tutorial/install.log'
[0.864s] Invoked command in '/home/yoohyeongsong/Workspace/ros_ws/src/urdf_tutorial' returned '0': PYTHONPATH=/home/yoohyeongsong/Workspace/ros_ws/build/urdf_tutorial/prefix_override:/usr/lib/python3/dist-packages/colcon_core/task/python/colcon_distutils_commands:/home/yoohyeongsong/Workspace/ros_ws/install/urdf_tutorial/lib/python3.8/site-packages:${PYTHONPATH} /usr/bin/python3 -W ignore:setup.py install is deprecated -W ignore:easy_install command is deprecated setup.py egg_info --egg-base ../../build/urdf_tutorial build --build-base /home/yoohyeongsong/Workspace/ros_ws/build/urdf_tutorial/build install --record /home/yoohyeongsong/Workspace/ros_ws/build/urdf_tutorial/install.log --install-scripts $base/lib/urdf_tutorial --single-version-externally-managed install_data
