[0.571s] Invoking command in '/home/yoohyeongsong/Workspace/ros_ws/build/urdf_tutorial': PYTHONPATH=/home/yoohyeongsong/Workspace/ros_ws/build/urdf_tutorial/prefix_override:/usr/lib/python3/dist-packages/colcon_core/task/python/colcon_distutils_commands:/home/yoohyeongsong/Workspace/ros_ws/install/urdf_tutorial/lib/python3.8/site-packages:${PYTHONPATH} /usr/bin/python3 -W ignore:setup.py install is deprecated -W ignore:easy_install command is deprecated setup.py develop --editable --build-directory /home/yoohyeongsong/Workspace/ros_ws/build/urdf_tutorial/build --no-deps symlink_data
[0.783s] running develop
[0.906s] running egg_info
[0.907s] writing urdf_tutorial.egg-info/PKG-INFO
[0.907s] writing dependency_links to urdf_tutorial.egg-info/dependency_links.txt
[0.907s] writing entry points to urdf_tutorial.egg-info/entry_points.txt
[0.907s] writing requirements to urdf_tutorial.egg-info/requires.txt
[0.907s] writing top-level names to urdf_tutorial.egg-info/top_level.txt
[0.934s] reading manifest file 'urdf_tutorial.egg-info/SOURCES.txt'
[0.935s] writing manifest file 'urdf_tutorial.egg-info/SOURCES.txt'
[0.964s] running build_ext
[0.965s] Creating /home/yoohyeongsong/Workspace/ros_ws/install/urdf_tutorial/lib/python3.8/site-packages/urdf-tutorial.egg-link (link to .)
[0.965s] 
[0.965s] Installed /home/yoohyeongsong/Workspace/ros_ws/build/urdf_tutorial
[0.966s] running symlink_data
[0.966s] symbolically linking /home/yoohyeongsong/Workspace/ros_ws/build/urdf_tutorial/launch/depth.launch.py -> /home/yoohyeongsong/Workspace/ros_ws/install/urdf_tutorial/share/urdf_tutorial/launch
[0.966s] symbolically linking /home/yoohyeongsong/Workspace/ros_ws/build/urdf_tutorial/launch/robot_6.launch.py -> /home/yoohyeongsong/Workspace/ros_ws/install/urdf_tutorial/share/urdf_tutorial/launch
[0.966s] symbolically linking /home/yoohyeongsong/Workspace/ros_ws/build/urdf_tutorial/urdf/robot_6.xacro -> /home/yoohyeongsong/Workspace/ros_ws/install/urdf_tutorial/share/urdf_tutorial/urdf
[0.966s] symbolically linking /home/yoohyeongsong/Workspace/ros_ws/build/urdf_tutorial/urdf/depth.xacro -> /home/yoohyeongsong/Workspace/ros_ws/install/urdf_tutorial/share/urdf_tutorial/urdf
[0.985s] Invoked command in '/home/yoohyeongsong/Workspace/ros_ws/build/urdf_tutorial' returned '0': PYTHONPATH=/home/yoohyeongsong/Workspace/ros_ws/build/urdf_tutorial/prefix_override:/usr/lib/python3/dist-packages/colcon_core/task/python/colcon_distutils_commands:/home/yoohyeongsong/Workspace/ros_ws/install/urdf_tutorial/lib/python3.8/site-packages:${PYTHONPATH} /usr/bin/python3 -W ignore:setup.py install is deprecated -W ignore:easy_install command is deprecated setup.py develop --editable --build-directory /home/yoohyeongsong/Workspace/ros_ws/build/urdf_tutorial/build --no-deps symlink_data
