[0.590s] Invoking command in '/home/yoohyeongsong/Workspace/ros_ws/build/urdf_tutorial': PYTHONPATH=/home/yoohyeongsong/Workspace/ros_ws/build/urdf_tutorial/prefix_override:/usr/lib/python3/dist-packages/colcon_core/task/python/colcon_distutils_commands:/home/yoohyeongsong/Workspace/ros_ws/install/urdf_tutorial/lib/python3.8/site-packages:${PYTHONPATH} /usr/bin/python3 -W ignore:setup.py install is deprecated -W ignore:easy_install command is deprecated setup.py develop --uninstall --editable --build-directory /home/yoohyeongsong/Workspace/ros_ws/build/urdf_tutorial/build
[0.813s] running develop
[0.956s] Removing /home/yoohyeongsong/Workspace/ros_ws/install/urdf_tutorial/lib/python3.8/site-packages/urdf-tutorial.egg-link (link to .)
[0.979s] Invoked command in '/home/yoohyeongsong/Workspace/ros_ws/build/urdf_tutorial' returned '0': PYTHONPATH=/home/yoohyeongsong/Workspace/ros_ws/build/urdf_tutorial/prefix_override:/usr/lib/python3/dist-packages/colcon_core/task/python/colcon_distutils_commands:/home/yoohyeongsong/Workspace/ros_ws/install/urdf_tutorial/lib/python3.8/site-packages:${PYTHONPATH} /usr/bin/python3 -W ignore:setup.py install is deprecated -W ignore:easy_install command is deprecated setup.py develop --uninstall --editable --build-directory /home/yoohyeongsong/Workspace/ros_ws/build/urdf_tutorial/build
[0.982s] Invoking command in '/home/yoohyeongsong/Workspace/ros_ws/src/urdf_tutorial': PYTHONPATH=/home/yoohyeongsong/Workspace/ros_ws/build/urdf_tutorial/prefix_override:/usr/lib/python3/dist-packages/colcon_core/task/python/colcon_distutils_commands:/home/yoohyeongsong/Workspace/ros_ws/install/urdf_tutorial/lib/python3.8/site-packages:${PYTHONPATH} /usr/bin/python3 -W ignore:setup.py install is deprecated -W ignore:easy_install command is deprecated setup.py egg_info --egg-base ../../build/urdf_tutorial build --build-base /home/yoohyeongsong/Workspace/ros_ws/build/urdf_tutorial/build install --record /home/yoohyeongsong/Workspace/ros_ws/build/urdf_tutorial/install.log --install-scripts $base/lib/urdf_tutorial --single-version-externally-managed install_data --force
[1.186s] running egg_info
[1.187s] writing ../../build/urdf_tutorial/urdf_tutorial.egg-info/PKG-INFO
[1.187s] writing dependency_links to ../../build/urdf_tutorial/urdf_tutorial.egg-info/dependency_links.txt
[1.187s] writing entry points to ../../build/urdf_tutorial/urdf_tutorial.egg-info/entry_points.txt
[1.187s] writing requirements to ../../build/urdf_tutorial/urdf_tutorial.egg-info/requires.txt
[1.188s] writing top-level names to ../../build/urdf_tutorial/urdf_tutorial.egg-info/top_level.txt
[1.216s] reading manifest file '../../build/urdf_tutorial/urdf_tutorial.egg-info/SOURCES.txt'
[1.217s] writing manifest file '../../build/urdf_tutorial/urdf_tutorial.egg-info/SOURCES.txt'
[1.217s] running build
[1.217s] running build_py
[1.217s] creating /home/yoohyeongsong/Workspace/ros_ws/build/urdf_tutorial/build
[1.217s] creating /home/yoohyeongsong/Workspace/ros_ws/build/urdf_tutorial/build/lib
[1.217s] creating /home/yoohyeongsong/Workspace/ros_ws/build/urdf_tutorial/build/lib/urdf_tutorial
[1.217s] copying urdf_tutorial/__init__.py -> /home/yoohyeongsong/Workspace/ros_ws/build/urdf_tutorial/build/lib/urdf_tutorial
[1.217s] running install
[1.218s] running install_lib
[1.219s] creating /home/yoohyeongsong/Workspace/ros_ws/install/urdf_tutorial/lib/python3.8/site-packages/urdf_tutorial
[1.219s] copying /home/yoohyeongsong/Workspace/ros_ws/build/urdf_tutorial/build/lib/urdf_tutorial/__init__.py -> /home/yoohyeongsong/Workspace/ros_ws/install/urdf_tutorial/lib/python3.8/site-packages/urdf_tutorial
[1.220s] byte-compiling /home/yoohyeongsong/Workspace/ros_ws/install/urdf_tutorial/lib/python3.8/site-packages/urdf_tutorial/__init__.py to __init__.cpython-38.pyc
[1.221s] running install_data
[1.221s] copying resource/urdf_tutorial -> /home/yoohyeongsong/Workspace/ros_ws/install/urdf_tutorial/share/ament_index/resource_index/packages
[1.221s] copying package.xml -> /home/yoohyeongsong/Workspace/ros_ws/install/urdf_tutorial/share/urdf_tutorial
[1.221s] copying launch/robot_5.launch.py -> /home/yoohyeongsong/Workspace/ros_ws/install/urdf_tutorial/share/urdf_tutorial/launch
[1.221s] copying launch/robot_4.launch.py -> /home/yoohyeongsong/Workspace/ros_ws/install/urdf_tutorial/share/urdf_tutorial/launch
[1.222s] copying launch/nav2.launch.py -> /home/yoohyeongsong/Workspace/ros_ws/install/urdf_tutorial/share/urdf_tutorial/launch
[1.222s] copying launch/two_robots_with_follower.launch.py -> /home/yoohyeongsong/Workspace/ros_ws/install/urdf_tutorial/share/urdf_tutorial/launch
[1.222s] copying launch/camera.launch.py -> /home/yoohyeongsong/Workspace/ros_ws/install/urdf_tutorial/share/urdf_tutorial/launch
[1.222s] copying launch/sim.launch.py -> /home/yoohyeongsong/Workspace/ros_ws/install/urdf_tutorial/share/urdf_tutorial/launch
[1.222s] copying launch/robot_2.launch.py -> /home/yoohyeongsong/Workspace/ros_ws/install/urdf_tutorial/share/urdf_tutorial/launch
[1.222s] copying launch/depth.launch.py -> /home/yoohyeongsong/Workspace/ros_ws/install/urdf_tutorial/share/urdf_tutorial/launch
[1.222s] copying launch/robot_6.launch.py -> /home/yoohyeongsong/Workspace/ros_ws/install/urdf_tutorial/share/urdf_tutorial/launch
[1.222s] copying launch/robot_1.launch.py -> /home/yoohyeongsong/Workspace/ros_ws/install/urdf_tutorial/share/urdf_tutorial/launch
[1.222s] copying launch/lidar.launch.py -> /home/yoohyeongsong/Workspace/ros_ws/install/urdf_tutorial/share/urdf_tutorial/launch
[1.222s] copying launch/robot_3.launch.py -> /home/yoohyeongsong/Workspace/ros_ws/install/urdf_tutorial/share/urdf_tutorial/launch
[1.222s] copying urdf/robot_4.xacro -> /home/yoohyeongsong/Workspace/ros_ws/install/urdf_tutorial/share/urdf_tutorial/urdf
[1.222s] copying urdf/macros.xacro -> /home/yoohyeongsong/Workspace/ros_ws/install/urdf_tutorial/share/urdf_tutorial/urdf
[1.222s] copying urdf/robot_3.xacro -> /home/yoohyeongsong/Workspace/ros_ws/install/urdf_tutorial/share/urdf_tutorial/urdf
[1.223s] copying urdf/gazebo.xacro -> /home/yoohyeongsong/Workspace/ros_ws/install/urdf_tutorial/share/urdf_tutorial/urdf
[1.223s] copying urdf/robot_1.xacro -> /home/yoohyeongsong/Workspace/ros_ws/install/urdf_tutorial/share/urdf_tutorial/urdf
[1.223s] copying urdf/robot_6.xacro -> /home/yoohyeongsong/Workspace/ros_ws/install/urdf_tutorial/share/urdf_tutorial/urdf
[1.223s] copying urdf/robot_5.xacro -> /home/yoohyeongsong/Workspace/ros_ws/install/urdf_tutorial/share/urdf_tutorial/urdf
[1.223s] copying urdf/robot_2.xacro -> /home/yoohyeongsong/Workspace/ros_ws/install/urdf_tutorial/share/urdf_tutorial/urdf
[1.223s] copying urdf/lidar.xacro -> /home/yoohyeongsong/Workspace/ros_ws/install/urdf_tutorial/share/urdf_tutorial/urdf
[1.223s] copying urdf/camera.xacro -> /home/yoohyeongsong/Workspace/ros_ws/install/urdf_tutorial/share/urdf_tutorial/urdf
[1.223s] copying urdf/depth.xacro -> /home/yoohyeongsong/Workspace/ros_ws/install/urdf_tutorial/share/urdf_tutorial/urdf
[1.223s] running install_egg_info
[1.225s] Copying ../../build/urdf_tutorial/urdf_tutorial.egg-info to /home/yoohyeongsong/Workspace/ros_ws/install/urdf_tutorial/lib/python3.8/site-packages/urdf_tutorial-0.0.0-py3.8.egg-info
[1.226s] running install_scripts
[1.240s] Installing robot_follower script to /home/yoohyeongsong/Workspace/ros_ws/install/urdf_tutorial/lib/urdf_tutorial
[1.241s] Installing send_goal script to /home/yoohyeongsong/Workspace/ros_ws/install/urdf_tutorial/lib/urdf_tutorial
[1.241s] writing list of installed files to '/home/yoohyeongsong/Workspace/ros_ws/build/urdf_tutorial/install.log'
[1.255s] Invoked command in '/home/yoohyeongsong/Workspace/ros_ws/src/urdf_tutorial' returned '0': PYTHONPATH=/home/yoohyeongsong/Workspace/ros_ws/build/urdf_tutorial/prefix_override:/usr/lib/python3/dist-packages/colcon_core/task/python/colcon_distutils_commands:/home/yoohyeongsong/Workspace/ros_ws/install/urdf_tutorial/lib/python3.8/site-packages:${PYTHONPATH} /usr/bin/python3 -W ignore:setup.py install is deprecated -W ignore:easy_install command is deprecated setup.py egg_info --egg-base ../../build/urdf_tutorial build --build-base /home/yoohyeongsong/Workspace/ros_ws/build/urdf_tutorial/build install --record /home/yoohyeongsong/Workspace/ros_ws/build/urdf_tutorial/install.log --install-scripts $base/lib/urdf_tutorial --single-version-externally-managed install_data --force
