running develop
running egg_info
writing urdf_tutorial.egg-info/PKG-INFO
writing dependency_links to urdf_tutorial.egg-info/dependency_links.txt
writing entry points to urdf_tutorial.egg-info/entry_points.txt
writing requirements to urdf_tutorial.egg-info/requires.txt
writing top-level names to urdf_tutorial.egg-info/top_level.txt
reading manifest file 'urdf_tutorial.egg-info/SOURCES.txt'
writing manifest file 'urdf_tutorial.egg-info/SOURCES.txt'
running build_ext
Creating /home/yoohyeongsong/Workspace/ros_ws/install/urdf_tutorial/lib/python3.8/site-packages/urdf-tutorial.egg-link (link to .)
Installing robot_follower script to /home/yoohyeongsong/Workspace/ros_ws/install/urdf_tutorial/lib/urdf_tutorial
Installing send_goal script to /home/yoohyeongsong/Workspace/ros_ws/install/urdf_tutorial/lib/urdf_tutorial

Installed /home/yoohyeongsong/Workspace/ros_ws/build/urdf_tutorial
running symlink_data
symbolically linking /home/yoohyeongsong/Workspace/ros_ws/build/urdf_tutorial/resource/urdf_tutorial -> /home/yoohyeongsong/Workspace/ros_ws/install/urdf_tutorial/share/ament_index/resource_index/packages
symbolically linking /home/yoohyeongsong/Workspace/ros_ws/build/urdf_tutorial/package.xml -> /home/yoohyeongsong/Workspace/ros_ws/install/urdf_tutorial/share/urdf_tutorial
symbolically linking /home/yoohyeongsong/Workspace/ros_ws/build/urdf_tutorial/launch/robot_5.launch.py -> /home/yoohyeongsong/Workspace/ros_ws/install/urdf_tutorial/share/urdf_tutorial/launch
symbolically linking /home/yoohyeongsong/Workspace/ros_ws/build/urdf_tutorial/launch/robot_4.launch.py -> /home/yoohyeongsong/Workspace/ros_ws/install/urdf_tutorial/share/urdf_tutorial/launch
symbolically linking /home/yoohyeongsong/Workspace/ros_ws/build/urdf_tutorial/launch/nav2.launch.py -> /home/yoohyeongsong/Workspace/ros_ws/install/urdf_tutorial/share/urdf_tutorial/launch
symbolically linking /home/yoohyeongsong/Workspace/ros_ws/build/urdf_tutorial/launch/two_robots_with_follower.launch.py -> /home/yoohyeongsong/Workspace/ros_ws/install/urdf_tutorial/share/urdf_tutorial/launch
symbolically linking /home/yoohyeongsong/Workspace/ros_ws/build/urdf_tutorial/launch/camera.launch.py -> /home/yoohyeongsong/Workspace/ros_ws/install/urdf_tutorial/share/urdf_tutorial/launch
symbolically linking /home/yoohyeongsong/Workspace/ros_ws/build/urdf_tutorial/launch/sim.launch.py -> /home/yoohyeongsong/Workspace/ros_ws/install/urdf_tutorial/share/urdf_tutorial/launch
symbolically linking /home/yoohyeongsong/Workspace/ros_ws/build/urdf_tutorial/launch/robot_2.launch.py -> /home/yoohyeongsong/Workspace/ros_ws/install/urdf_tutorial/share/urdf_tutorial/launch
symbolically linking /home/yoohyeongsong/Workspace/ros_ws/build/urdf_tutorial/launch/depth.launch.py -> /home/yoohyeongsong/Workspace/ros_ws/install/urdf_tutorial/share/urdf_tutorial/launch
symbolically linking /home/yoohyeongsong/Workspace/ros_ws/build/urdf_tutorial/launch/robot_6.launch.py -> /home/yoohyeongsong/Workspace/ros_ws/install/urdf_tutorial/share/urdf_tutorial/launch
symbolically linking /home/yoohyeongsong/Workspace/ros_ws/build/urdf_tutorial/launch/robot_1.launch.py -> /home/yoohyeongsong/Workspace/ros_ws/install/urdf_tutorial/share/urdf_tutorial/launch
symbolically linking /home/yoohyeongsong/Workspace/ros_ws/build/urdf_tutorial/launch/lidar.launch.py -> /home/yoohyeongsong/Workspace/ros_ws/install/urdf_tutorial/share/urdf_tutorial/launch
symbolically linking /home/yoohyeongsong/Workspace/ros_ws/build/urdf_tutorial/launch/robot_3.launch.py -> /home/yoohyeongsong/Workspace/ros_ws/install/urdf_tutorial/share/urdf_tutorial/launch
symbolically linking /home/yoohyeongsong/Workspace/ros_ws/build/urdf_tutorial/urdf/robot_4.xacro -> /home/yoohyeongsong/Workspace/ros_ws/install/urdf_tutorial/share/urdf_tutorial/urdf
symbolically linking /home/yoohyeongsong/Workspace/ros_ws/build/urdf_tutorial/urdf/macros.xacro -> /home/yoohyeongsong/Workspace/ros_ws/install/urdf_tutorial/share/urdf_tutorial/urdf
symbolically linking /home/yoohyeongsong/Workspace/ros_ws/build/urdf_tutorial/urdf/robot_3.xacro -> /home/yoohyeongsong/Workspace/ros_ws/install/urdf_tutorial/share/urdf_tutorial/urdf
symbolically linking /home/yoohyeongsong/Workspace/ros_ws/build/urdf_tutorial/urdf/gazebo.xacro -> /home/yoohyeongsong/Workspace/ros_ws/install/urdf_tutorial/share/urdf_tutorial/urdf
symbolically linking /home/yoohyeongsong/Workspace/ros_ws/build/urdf_tutorial/urdf/robot_1.xacro -> /home/yoohyeongsong/Workspace/ros_ws/install/urdf_tutorial/share/urdf_tutorial/urdf
symbolically linking /home/yoohyeongsong/Workspace/ros_ws/build/urdf_tutorial/urdf/robot_6.xacro -> /home/yoohyeongsong/Workspace/ros_ws/install/urdf_tutorial/share/urdf_tutorial/urdf
symbolically linking /home/yoohyeongsong/Workspace/ros_ws/build/urdf_tutorial/urdf/robot_5.xacro -> /home/yoohyeongsong/Workspace/ros_ws/install/urdf_tutorial/share/urdf_tutorial/urdf
symbolically linking /home/yoohyeongsong/Workspace/ros_ws/build/urdf_tutorial/urdf/robot_2.xacro -> /home/yoohyeongsong/Workspace/ros_ws/install/urdf_tutorial/share/urdf_tutorial/urdf
symbolically linking /home/yoohyeongsong/Workspace/ros_ws/build/urdf_tutorial/urdf/lidar.xacro -> /home/yoohyeongsong/Workspace/ros_ws/install/urdf_tutorial/share/urdf_tutorial/urdf
symbolically linking /home/yoohyeongsong/Workspace/ros_ws/build/urdf_tutorial/urdf/camera.xacro -> /home/yoohyeongsong/Workspace/ros_ws/install/urdf_tutorial/share/urdf_tutorial/urdf
symbolically linking /home/yoohyeongsong/Workspace/ros_ws/build/urdf_tutorial/urdf/depth.xacro -> /home/yoohyeongsong/Workspace/ros_ws/install/urdf_tutorial/share/urdf_tutorial/urdf
